{"/Users/andre.nevesjunior/Documents/Study/node_ts_template_solid_clean_arch/src/domain/product/entity/product.ts": {"path":"/Users/andre.nevesjunior/Documents/Study/node_ts_template_solid_clean_arch/src/domain/product/entity/product.ts","statementMap":{"0":{"start":{"line":9,"column":39},"end":{"line":9,"column":58}},"1":{"start":{"line":12,"column":4},"end":{"line":17,"column":7}},"2":{"start":{"line":21,"column":4},"end":{"line":21,"column":30}},"3":{"start":{"line":25,"column":4},"end":{"line":25,"column":25}},"4":{"start":{"line":29,"column":4},"end":{"line":29,"column":27}},"5":{"start":{"line":33,"column":4},"end":{"line":33,"column":28}},"6":{"start":{"line":37,"column":4},"end":{"line":37,"column":31}},"7":{"start":{"line":41,"column":4},"end":{"line":41,"column":36}},"8":{"start":{"line":45,"column":4},"end":{"line":45,"column":36}},"9":{"start":{"line":8,"column":0},"end":{"line":8,"column":13}}},"fnMap":{"0":{"name":"(anonymous_0)","decl":{"start":{"line":9,"column":2},"end":{"line":9,"column":39}},"loc":{"start":{"line":9,"column":58},"end":{"line":9,"column":62}}},"1":{"name":"(anonymous_1)","decl":{"start":{"line":11,"column":9},"end":{"line":11,"column":15}},"loc":{"start":{"line":11,"column":50},"end":{"line":18,"column":3}}},"2":{"name":"(anonymous_2)","decl":{"start":{"line":20,"column":9},"end":{"line":20,"column":15}},"loc":{"start":{"line":20,"column":40},"end":{"line":22,"column":3}}},"3":{"name":"(anonymous_3)","decl":{"start":{"line":24,"column":2},"end":{"line":24,"column":13}},"loc":{"start":{"line":24,"column":15},"end":{"line":26,"column":3}}},"4":{"name":"(anonymous_4)","decl":{"start":{"line":28,"column":2},"end":{"line":28,"column":13}},"loc":{"start":{"line":28,"column":17},"end":{"line":30,"column":3}}},"5":{"name":"(anonymous_5)","decl":{"start":{"line":32,"column":2},"end":{"line":32,"column":13}},"loc":{"start":{"line":32,"column":18},"end":{"line":34,"column":3}}},"6":{"name":"(anonymous_6)","decl":{"start":{"line":36,"column":2},"end":{"line":36,"column":13}},"loc":{"start":{"line":36,"column":21},"end":{"line":38,"column":3}}},"7":{"name":"(anonymous_7)","decl":{"start":{"line":40,"column":9},"end":{"line":40,"column":25}},"loc":{"start":{"line":40,"column":42},"end":{"line":42,"column":3}}},"8":{"name":"(anonymous_8)","decl":{"start":{"line":44,"column":9},"end":{"line":44,"column":25}},"loc":{"start":{"line":44,"column":42},"end":{"line":46,"column":3}}}},"branchMap":{},"s":{"0":3,"1":1,"2":2,"3":4,"4":3,"5":3,"6":3,"7":0,"8":0,"9":1},"f":{"0":3,"1":1,"2":2,"3":4,"4":3,"5":3,"6":3,"7":0,"8":0},"b":{}}
,"/Users/andre.nevesjunior/Documents/Study/node_ts_template_solid_clean_arch/src/infra/api/express/api.express.ts": {"path":"/Users/andre.nevesjunior/Documents/Study/node_ts_template_solid_clean_arch/src/infra/api/express/api.express.ts","statementMap":{"0":{"start":{"line":3,"column":0},"end":{"line":3,"column":43}},"1":{"start":{"line":5,"column":0},"end":{"line":5,"column":28}},"2":{"start":{"line":6,"column":0},"end":{"line":6,"column":37}},"3":{"start":{"line":7,"column":0},"end":{"line":7,"column":42}},"4":{"start":{"line":8,"column":0},"end":{"line":8,"column":24}},"5":{"start":{"line":9,"column":0},"end":{"line":9,"column":65}},"6":{"start":{"line":10,"column":0},"end":{"line":10,"column":43}},"7":{"start":{"line":16,"column":4},"end":{"line":16,"column":25}},"8":{"start":{"line":17,"column":4},"end":{"line":17,"column":33}},"9":{"start":{"line":19,"column":4},"end":{"line":19,"column":27}},"10":{"start":{"line":21,"column":4},"end":{"line":21,"column":52}},"11":{"start":{"line":22,"column":4},"end":{"line":22,"column":74}},"12":{"start":{"line":24,"column":4},"end":{"line":24,"column":34}},"13":{"start":{"line":26,"column":4},"end":{"line":26,"column":25}},"14":{"start":{"line":28,"column":4},"end":{"line":28,"column":35}},"15":{"start":{"line":31,"column":4},"end":{"line":38,"column":6}},"16":{"start":{"line":40,"column":4},"end":{"line":40,"column":27}},"17":{"start":{"line":44,"column":4},"end":{"line":44,"column":20}},"18":{"start":{"line":48,"column":4},"end":{"line":48,"column":34}},"19":{"start":{"line":52,"column":4},"end":{"line":58,"column":7}},"20":{"start":{"line":53,"column":19},"end":{"line":53,"column":34}},"21":{"start":{"line":54,"column":21},"end":{"line":54,"column":38}},"22":{"start":{"line":55,"column":22},"end":{"line":55,"column":40}},"23":{"start":{"line":57,"column":6},"end":{"line":57,"column":38}},"24":{"start":{"line":62,"column":4},"end":{"line":65,"column":7}},"25":{"start":{"line":63,"column":6},"end":{"line":63,"column":55}},"26":{"start":{"line":64,"column":6},"end":{"line":64,"column":24}},"27":{"start":{"line":69,"column":19},"end":{"line":76,"column":8}},"28":{"start":{"line":70,"column":26},"end":{"line":70,"column":33}},"29":{"start":{"line":72,"column":8},"end":{"line":75,"column":10}},"30":{"start":{"line":77,"column":4},"end":{"line":77,"column":35}},"31":{"start":{"line":12,"column":0},"end":{"line":12,"column":13}}},"fnMap":{"0":{"name":"(anonymous_1)","decl":{"start":{"line":15,"column":2},"end":{"line":15,"column":22}},"loc":{"start":{"line":15,"column":37},"end":{"line":41,"column":3}}},"1":{"name":"(anonymous_2)","decl":{"start":{"line":43,"column":9},"end":{"line":43,"column":15}},"loc":{"start":{"line":43,"column":15},"end":{"line":45,"column":3}}},"2":{"name":"(anonymous_3)","decl":{"start":{"line":47,"column":9},"end":{"line":47,"column":15}},"loc":{"start":{"line":47,"column":38},"end":{"line":49,"column":3}}},"3":{"name":"(anonymous_4)","decl":{"start":{"line":51,"column":10},"end":{"line":51,"column":19}},"loc":{"start":{"line":51,"column":35},"end":{"line":59,"column":3}}},"4":{"name":"(anonymous_5)","decl":{"start":{"line":52,"column":19},"end":{"line":52,"column":20}},"loc":{"start":{"line":52,"column":29},"end":{"line":58,"column":5}}},"5":{"name":"(anonymous_6)","decl":{"start":{"line":61,"column":9},"end":{"line":61,"column":14}},"loc":{"start":{"line":61,"column":27},"end":{"line":66,"column":3}}},"6":{"name":"(anonymous_7)","decl":{"start":{"line":62,"column":26},"end":{"line":62,"column":29}},"loc":{"start":{"line":62,"column":31},"end":{"line":65,"column":5}}},"7":{"name":"(anonymous_8)","decl":{"start":{"line":68,"column":10},"end":{"line":68,"column":20}},"loc":{"start":{"line":68,"column":20},"end":{"line":78,"column":3}}},"8":{"name":"(anonymous_9)","decl":{"start":{"line":70,"column":14},"end":{"line":70,"column":15}},"loc":{"start":{"line":70,"column":26},"end":{"line":70,"column":33}}},"9":{"name":"(anonymous_10)","decl":{"start":{"line":71,"column":11},"end":{"line":71,"column":12}},"loc":{"start":{"line":71,"column":22},"end":{"line":76,"column":7}}}},"branchMap":{},"s":{"0":1,"1":1,"2":1,"3":1,"4":1,"5":1,"6":1,"7":1,"8":1,"9":1,"10":1,"11":1,"12":1,"13":1,"14":1,"15":1,"16":1,"17":2,"18":1,"19":1,"20":2,"21":2,"22":2,"23":2,"24":0,"25":0,"26":0,"27":0,"28":0,"29":0,"30":0,"31":1},"f":{"0":1,"1":2,"2":1,"3":1,"4":2,"5":0,"6":0,"7":0,"8":0,"9":0},"b":{}}
,"/Users/andre.nevesjunior/Documents/Study/node_ts_template_solid_clean_arch/src/infra/api/express/routes/routes.ts": {"path":"/Users/andre.nevesjunior/Documents/Study/node_ts_template_solid_clean_arch/src/infra/api/express/routes/routes.ts","statementMap":{"0":{"start":{"line":5,"column":13},"end":{"line":10,"column":11}}},"fnMap":{},"branchMap":{},"s":{"0":1},"f":{},"b":{}}
,"/Users/andre.nevesjunior/Documents/Study/node_ts_template_solid_clean_arch/src/infra/api/express/routes/products/create-product.express.route.ts": {"path":"/Users/andre.nevesjunior/Documents/Study/node_ts_template_solid_clean_arch/src/infra/api/express/routes/products/create-product.express.route.ts","statementMap":{"0":{"start":{"line":7,"column":0},"end":{"line":7,"column":46}},"1":{"start":{"line":15,"column":21},"end":{"line":15,"column":33}},"2":{"start":{"line":16,"column":21},"end":{"line":16,"column":39}},"3":{"start":{"line":17,"column":21},"end":{"line":17,"column":63}},"4":{"start":{"line":21,"column":4},"end":{"line":21,"column":21}},"5":{"start":{"line":24,"column":4},"end":{"line":24,"column":23}},"6":{"start":{"line":30,"column":4},"end":{"line":34,"column":6}},"7":{"start":{"line":38,"column":4},"end":{"line":56,"column":6}},"8":{"start":{"line":38,"column":58},"end":{"line":56,"column":6}},"9":{"start":{"line":39,"column":30},"end":{"line":39,"column":42}},"10":{"start":{"line":41,"column":43},"end":{"line":44,"column":8}},"11":{"start":{"line":47,"column":8},"end":{"line":47,"column":54}},"12":{"start":{"line":49,"column":6},"end":{"line":52,"column":7}},"13":{"start":{"line":50,"column":8},"end":{"line":50,"column":63}},"14":{"start":{"line":51,"column":8},"end":{"line":51,"column":15}},"15":{"start":{"line":53,"column":26},"end":{"line":53,"column":52}},"16":{"start":{"line":55,"column":6},"end":{"line":55,"column":45}},"17":{"start":{"line":62,"column":21},"end":{"line":62,"column":38}},"18":{"start":{"line":63,"column":4},"end":{"line":63,"column":20}},"19":{"start":{"line":13,"column":0},"end":{"line":13,"column":13}}},"fnMap":{"0":{"name":"(anonymous_7)","decl":{"start":{"line":14,"column":2},"end":{"line":14,"column":null}},"loc":{"start":{"line":17,"column":63},"end":{"line":18,"column":6}}},"1":{"name":"(anonymous_8)","decl":{"start":{"line":20,"column":2},"end":{"line":20,"column":9}},"loc":{"start":{"line":20,"column":9},"end":{"line":22,"column":3}}},"2":{"name":"(anonymous_9)","decl":{"start":{"line":23,"column":2},"end":{"line":23,"column":11}},"loc":{"start":{"line":23,"column":11},"end":{"line":25,"column":3}}},"3":{"name":"(anonymous_10)","decl":{"start":{"line":27,"column":9},"end":{"line":27,"column":15}},"loc":{"start":{"line":28,"column":46},"end":{"line":35,"column":3}}},"4":{"name":"(anonymous_11)","decl":{"start":{"line":37,"column":9},"end":{"line":37,"column":19}},"loc":{"start":{"line":37,"column":19},"end":{"line":57,"column":3}}},"5":{"name":"(anonymous_12)","decl":{"start":{"line":38,"column":11},"end":{"line":38,"column":18}},"loc":{"start":{"line":38,"column":58},"end":{"line":56,"column":6}}},"6":{"name":"(anonymous_13)","decl":{"start":{"line":38,"column":58},"end":{"line":38,"column":null}},"loc":{"start":{"line":38,"column":58},"end":{"line":56,"column":5}}},"7":{"name":"(anonymous_14)","decl":{"start":{"line":59,"column":10},"end":{"line":59,"column":23}},"loc":{"start":{"line":60,"column":34},"end":{"line":64,"column":3}}}},"branchMap":{"0":{"loc":{"start":{"line":49,"column":6},"end":{"line":52,"column":7}},"type":"if","locations":[{"start":{"line":49,"column":6},"end":{"line":52,"column":7}}]}},"s":{"0":1,"1":1,"2":1,"3":1,"4":1,"5":1,"6":1,"7":1,"8":1,"9":1,"10":1,"11":1,"12":1,"13":0,"14":0,"15":1,"16":1,"17":1,"18":1,"19":1},"f":{"0":1,"1":1,"2":1,"3":1,"4":1,"5":1,"6":1,"7":1},"b":{"0":[0]}}
,"/Users/andre.nevesjunior/Documents/Study/node_ts_template_solid_clean_arch/src/infra/api/express/routes/products/list-product.express.route.ts": {"path":"/Users/andre.nevesjunior/Documents/Study/node_ts_template_solid_clean_arch/src/infra/api/express/routes/products/list-product.express.route.ts","statementMap":{"0":{"start":{"line":2,"column":0},"end":{"line":2,"column":46}},"1":{"start":{"line":18,"column":21},"end":{"line":18,"column":33}},"2":{"start":{"line":19,"column":21},"end":{"line":19,"column":39}},"3":{"start":{"line":20,"column":21},"end":{"line":20,"column":59}},"4":{"start":{"line":24,"column":4},"end":{"line":24,"column":21}},"5":{"start":{"line":27,"column":4},"end":{"line":27,"column":23}},"6":{"start":{"line":33,"column":4},"end":{"line":37,"column":6}},"7":{"start":{"line":41,"column":4},"end":{"line":47,"column":6}},"8":{"start":{"line":41,"column":58},"end":{"line":47,"column":6}},"9":{"start":{"line":42,"column":21},"end":{"line":42,"column":60}},"10":{"start":{"line":44,"column":27},"end":{"line":44,"column":53}},"11":{"start":{"line":46,"column":6},"end":{"line":46,"column":53}},"12":{"start":{"line":51,"column":45},"end":{"line":57,"column":6}},"13":{"start":{"line":52,"column":49},"end":{"line":56,"column":8}},"14":{"start":{"line":58,"column":4},"end":{"line":58,"column":20}},"15":{"start":{"line":16,"column":0},"end":{"line":16,"column":13}}},"fnMap":{"0":{"name":"(anonymous_7)","decl":{"start":{"line":17,"column":2},"end":{"line":17,"column":null}},"loc":{"start":{"line":20,"column":59},"end":{"line":21,"column":6}}},"1":{"name":"(anonymous_8)","decl":{"start":{"line":23,"column":2},"end":{"line":23,"column":9}},"loc":{"start":{"line":23,"column":9},"end":{"line":25,"column":3}}},"2":{"name":"(anonymous_9)","decl":{"start":{"line":26,"column":2},"end":{"line":26,"column":11}},"loc":{"start":{"line":26,"column":11},"end":{"line":28,"column":3}}},"3":{"name":"(anonymous_10)","decl":{"start":{"line":30,"column":9},"end":{"line":30,"column":15}},"loc":{"start":{"line":31,"column":42},"end":{"line":38,"column":3}}},"4":{"name":"(anonymous_11)","decl":{"start":{"line":40,"column":9},"end":{"line":40,"column":19}},"loc":{"start":{"line":40,"column":19},"end":{"line":48,"column":3}}},"5":{"name":"(anonymous_12)","decl":{"start":{"line":41,"column":11},"end":{"line":41,"column":18}},"loc":{"start":{"line":41,"column":58},"end":{"line":47,"column":6}}},"6":{"name":"(anonymous_13)","decl":{"start":{"line":41,"column":58},"end":{"line":41,"column":null}},"loc":{"start":{"line":41,"column":58},"end":{"line":47,"column":5}}},"7":{"name":"(anonymous_14)","decl":{"start":{"line":50,"column":10},"end":{"line":50,"column":23}},"loc":{"start":{"line":50,"column":51},"end":{"line":59,"column":3}}},"8":{"name":"(anonymous_15)","decl":{"start":{"line":52,"column":35},"end":{"line":52,"column":36}},"loc":{"start":{"line":52,"column":49},"end":{"line":56,"column":8}}}},"branchMap":{},"s":{"0":1,"1":1,"2":1,"3":1,"4":1,"5":1,"6":1,"7":1,"8":1,"9":1,"10":1,"11":1,"12":1,"13":2,"14":1,"15":1},"f":{"0":1,"1":1,"2":1,"3":1,"4":1,"5":1,"6":1,"7":1,"8":2},"b":{}}
,"/Users/andre.nevesjunior/Documents/Study/node_ts_template_solid_clean_arch/src/infra/repositories/product/product.repository.prisma.ts": {"path":"/Users/andre.nevesjunior/Documents/Study/node_ts_template_solid_clean_arch/src/infra/repositories/product/product.repository.prisma.ts","statementMap":{"0":{"start":{"line":4,"column":0},"end":{"line":4,"column":57}},"1":{"start":{"line":5,"column":0},"end":{"line":5,"column":44}},"2":{"start":{"line":8,"column":39},"end":{"line":8,"column":65}},"3":{"start":{"line":10,"column":4},"end":{"line":10,"column":47}},"4":{"start":{"line":13,"column":4},"end":{"line":13,"column":47}},"5":{"start":{"line":16,"column":4},"end":{"line":16,"column":47}},"6":{"start":{"line":19,"column":4},"end":{"line":19,"column":47}},"7":{"start":{"line":23,"column":4},"end":{"line":23,"column":53}},"8":{"start":{"line":27,"column":23},"end":{"line":32,"column":6}},"9":{"start":{"line":34,"column":26},"end":{"line":38,"column":6}},"10":{"start":{"line":40,"column":4},"end":{"line":43,"column":5}},"11":{"start":{"line":41,"column":6},"end":{"line":41,"column":45}},"12":{"start":{"line":42,"column":6},"end":{"line":42,"column":19}},"13":{"start":{"line":45,"column":4},"end":{"line":45,"column":65}},"14":{"start":{"line":46,"column":4},"end":{"line":46,"column":16}},"15":{"start":{"line":50,"column":21},"end":{"line":50,"column":63}},"16":{"start":{"line":52,"column":24},"end":{"line":60,"column":6}},"17":{"start":{"line":53,"column":22},"end":{"line":58,"column":8}},"18":{"start":{"line":59,"column":6},"end":{"line":59,"column":21}},"19":{"start":{"line":62,"column":4},"end":{"line":62,"column":23}},"20":{"start":{"line":7,"column":0},"end":{"line":7,"column":13}}},"fnMap":{"0":{"name":"(anonymous_8)","decl":{"start":{"line":8,"column":2},"end":{"line":8,"column":39}},"loc":{"start":{"line":8,"column":65},"end":{"line":8,"column":69}}},"1":{"name":"(anonymous_9)","decl":{"start":{"line":9,"column":2},"end":{"line":9,"column":8}},"loc":{"start":{"line":9,"column":25},"end":{"line":11,"column":3}}},"2":{"name":"(anonymous_10)","decl":{"start":{"line":12,"column":2},"end":{"line":12,"column":8}},"loc":{"start":{"line":12,"column":26},"end":{"line":14,"column":3}}},"3":{"name":"(anonymous_11)","decl":{"start":{"line":15,"column":2},"end":{"line":15,"column":10}},"loc":{"start":{"line":15,"column":28},"end":{"line":17,"column":3}}},"4":{"name":"(anonymous_12)","decl":{"start":{"line":18,"column":2},"end":{"line":18,"column":12}},"loc":{"start":{"line":18,"column":32},"end":{"line":20,"column":3}}},"5":{"name":"(anonymous_13)","decl":{"start":{"line":22,"column":9},"end":{"line":22,"column":15}},"loc":{"start":{"line":22,"column":49},"end":{"line":24,"column":3}}},"6":{"name":"(anonymous_14)","decl":{"start":{"line":26,"column":15},"end":{"line":26,"column":19}},"loc":{"start":{"line":26,"column":36},"end":{"line":47,"column":null}}},"7":{"name":"(anonymous_16)","decl":{"start":{"line":49,"column":15},"end":{"line":49,"column":22}},"loc":{"start":{"line":49,"column":22},"end":{"line":63,"column":null}}},"8":{"name":"(anonymous_18)","decl":{"start":{"line":52,"column":37},"end":{"line":52,"column":38}},"loc":{"start":{"line":52,"column":43},"end":{"line":60,"column":5}}}},"branchMap":{"0":{"loc":{"start":{"line":40,"column":4},"end":{"line":43,"column":5}},"type":"if","locations":[{"start":{"line":40,"column":4},"end":{"line":43,"column":5}}]}},"s":{"0":1,"1":1,"2":1,"3":0,"4":0,"5":0,"6":0,"7":1,"8":1,"9":1,"10":1,"11":0,"12":0,"13":1,"14":1,"15":1,"16":1,"17":2,"18":2,"19":1,"20":1},"f":{"0":1,"1":0,"2":0,"3":0,"4":0,"5":1,"6":1,"7":1,"8":2},"b":{"0":[0]}}
,"/Users/andre.nevesjunior/Documents/Study/node_ts_template_solid_clean_arch/src/package/logger/logger.ts": {"path":"/Users/andre.nevesjunior/Documents/Study/node_ts_template_solid_clean_arch/src/package/logger/logger.ts","statementMap":{"0":{"start":{"line":1,"column":0},"end":{"line":1,"column":30}},"1":{"start":{"line":6,"column":15},"end":{"line":12,"column":2}},"2":{"start":{"line":18,"column":14},"end":{"line":22,"column":1}},"3":{"start":{"line":19,"column":14},"end":{"line":19,"column":51}},"4":{"start":{"line":20,"column":24},"end":{"line":20,"column":45}},"5":{"start":{"line":21,"column":2},"end":{"line":21,"column":42}},"6":{"start":{"line":27,"column":15},"end":{"line":33,"column":2}},"7":{"start":{"line":37,"column":0},"end":{"line":37,"column":26}},"8":{"start":{"line":40,"column":15},"end":{"line":48,"column":null}},"9":{"start":{"line":47,"column":14},"end":{"line":47,"column":64}},"10":{"start":{"line":53,"column":19},"end":{"line":64,"column":2}},"11":{"start":{"line":68,"column":15},"end":{"line":73,"column":2}},"12":{"start":{"line":75,"column":0},"end":{"line":75,"column":22}}},"fnMap":{"0":{"name":"(anonymous_1)","decl":{"start":{"line":18,"column":14},"end":{"line":18,"column":17}},"loc":{"start":{"line":18,"column":19},"end":{"line":22,"column":1}}},"1":{"name":"(anonymous_2)","decl":{"start":{"line":47,"column":4},"end":{"line":47,"column":5}},"loc":{"start":{"line":47,"column":14},"end":{"line":47,"column":64}}}},"branchMap":{"0":{"loc":{"start":{"line":19,"column":14},"end":{"line":19,"column":51}},"type":"binary-expr","locations":[{"start":{"line":19,"column":14},"end":{"line":19,"column":34}},{"start":{"line":19,"column":38},"end":{"line":19,"column":51}}]},"1":{"loc":{"start":{"line":21,"column":9},"end":{"line":21,"column":41}},"type":"cond-expr","locations":[{"start":{"line":21,"column":25},"end":{"line":21,"column":32}},{"start":{"line":21,"column":35},"end":{"line":21,"column":41}}]}},"s":{"0":1,"1":1,"2":1,"3":1,"4":1,"5":1,"6":1,"7":1,"8":1,"9":0,"10":1,"11":1,"12":1},"f":{"0":1,"1":0},"b":{"0":[1,0],"1":[0,1]}}
,"/Users/andre.nevesjunior/Documents/Study/node_ts_template_solid_clean_arch/src/package/morgan/morgan.middleware.ts": {"path":"/Users/andre.nevesjunior/Documents/Study/node_ts_template_solid_clean_arch/src/package/morgan/morgan.middleware.ts","statementMap":{"0":{"start":{"line":1,"column":0},"end":{"line":1,"column":47}},"1":{"start":{"line":2,"column":0},"end":{"line":2,"column":38}},"2":{"start":{"line":6,"column":30},"end":{"line":9,"column":2}},"3":{"start":{"line":8,"column":22},"end":{"line":8,"column":42}},"4":{"start":{"line":16,"column":13},"end":{"line":19,"column":1}},"5":{"start":{"line":17,"column":14},"end":{"line":17,"column":51}},"6":{"start":{"line":18,"column":2},"end":{"line":18,"column":31}},"7":{"start":{"line":22,"column":25},"end":{"line":30,"column":null}},"8":{"start":{"line":33,"column":0},"end":{"line":33,"column":32}}},"fnMap":{"0":{"name":"(anonymous_1)","decl":{"start":{"line":8,"column":9},"end":{"line":8,"column":10}},"loc":{"start":{"line":8,"column":22},"end":{"line":8,"column":42}}},"1":{"name":"(anonymous_2)","decl":{"start":{"line":16,"column":13},"end":{"line":16,"column":16}},"loc":{"start":{"line":16,"column":18},"end":{"line":19,"column":1}}}},"branchMap":{"0":{"loc":{"start":{"line":17,"column":14},"end":{"line":17,"column":51}},"type":"binary-expr","locations":[{"start":{"line":17,"column":14},"end":{"line":17,"column":34}},{"start":{"line":17,"column":38},"end":{"line":17,"column":51}}]}},"s":{"0":1,"1":1,"2":1,"3":0,"4":1,"5":2,"6":2,"7":1,"8":1},"f":{"0":0,"1":2},"b":{"0":[2,0]}}
,"/Users/andre.nevesjunior/Documents/Study/node_ts_template_solid_clean_arch/src/usecases/product/create-product.usecase.ts": {"path":"/Users/andre.nevesjunior/Documents/Study/node_ts_template_solid_clean_arch/src/usecases/product/create-product.usecase.ts","statementMap":{"0":{"start":{"line":1,"column":0},"end":{"line":1,"column":57}},"1":{"start":{"line":18,"column":39},"end":{"line":18,"column":69}},"2":{"start":{"line":19,"column":4},"end":{"line":19,"column":41}},"3":{"start":{"line":23,"column":4},"end":{"line":23,"column":52}},"4":{"start":{"line":26,"column":23},"end":{"line":35,"column":null}},"5":{"start":{"line":30,"column":20},"end":{"line":30,"column":47}},"6":{"start":{"line":31,"column":38},"end":{"line":31,"column":77}},"7":{"start":{"line":33,"column":19},"end":{"line":33,"column":64}},"8":{"start":{"line":34,"column":4},"end":{"line":34,"column":18}},"9":{"start":{"line":41,"column":4},"end":{"line":45,"column":5}},"10":{"start":{"line":42,"column":6},"end":{"line":44,"column":8}},"11":{"start":{"line":47,"column":43},"end":{"line":49,"column":6}},"12":{"start":{"line":50,"column":4},"end":{"line":50,"column":18}},"13":{"start":{"line":15,"column":0},"end":{"line":15,"column":13}}},"fnMap":{"0":{"name":"(anonymous_7)","decl":{"start":{"line":18,"column":2},"end":{"line":18,"column":39}},"loc":{"start":{"line":18,"column":69},"end":{"line":20,"column":3}}},"1":{"name":"(anonymous_8)","decl":{"start":{"line":22,"column":9},"end":{"line":22,"column":15}},"loc":{"start":{"line":22,"column":53},"end":{"line":24,"column":3}}},"2":{"name":"(anonymous_9)","decl":{"start":{"line":26,"column":15},"end":{"line":26,"column":22}},"loc":{"start":{"line":26,"column":22},"end":{"line":35,"column":null}}},"3":{"name":"(anonymous_10)","decl":{"start":{"line":26,"column":23},"end":{"line":26,"column":null}},"loc":{"start":{"line":29,"column":26},"end":{"line":35,"column":3}}},"4":{"name":"(anonymous_11)","decl":{"start":{"line":37,"column":10},"end":{"line":37,"column":23}},"loc":{"start":{"line":39,"column":29},"end":{"line":51,"column":3}}}},"branchMap":{"0":{"loc":{"start":{"line":41,"column":4},"end":{"line":45,"column":5}},"type":"if","locations":[{"start":{"line":41,"column":4},"end":{"line":45,"column":5}}]}},"s":{"0":1,"1":1,"2":1,"3":1,"4":1,"5":1,"6":1,"7":1,"8":1,"9":1,"10":0,"11":1,"12":1,"13":1},"f":{"0":1,"1":1,"2":1,"3":1,"4":1},"b":{"0":[0]}}
,"/Users/andre.nevesjunior/Documents/Study/node_ts_template_solid_clean_arch/src/usecases/product/list-product.usecase.ts": {"path":"/Users/andre.nevesjunior/Documents/Study/node_ts_template_solid_clean_arch/src/usecases/product/list-product.usecase.ts","statementMap":{"0":{"start":{"line":19,"column":39},"end":{"line":19,"column":69}},"1":{"start":{"line":20,"column":4},"end":{"line":20,"column":41}},"2":{"start":{"line":24,"column":4},"end":{"line":24,"column":50}},"3":{"start":{"line":28,"column":21},"end":{"line":28,"column":56}},"4":{"start":{"line":30,"column":19},"end":{"line":30,"column":47}},"5":{"start":{"line":32,"column":4},"end":{"line":32,"column":18}},"6":{"start":{"line":36,"column":24},"end":{"line":43,"column":6}},"7":{"start":{"line":37,"column":43},"end":{"line":42,"column":8}},"8":{"start":{"line":45,"column":4},"end":{"line":45,"column":23}},"9":{"start":{"line":16,"column":0},"end":{"line":16,"column":13}}},"fnMap":{"0":{"name":"(anonymous_7)","decl":{"start":{"line":19,"column":2},"end":{"line":19,"column":39}},"loc":{"start":{"line":19,"column":69},"end":{"line":21,"column":3}}},"1":{"name":"(anonymous_8)","decl":{"start":{"line":23,"column":9},"end":{"line":23,"column":15}},"loc":{"start":{"line":23,"column":53},"end":{"line":25,"column":3}}},"2":{"name":"(anonymous_9)","decl":{"start":{"line":27,"column":15},"end":{"line":27,"column":22}},"loc":{"start":{"line":27,"column":22},"end":{"line":33,"column":null}}},"3":{"name":"(anonymous_11)","decl":{"start":{"line":35,"column":10},"end":{"line":35,"column":23}},"loc":{"start":{"line":35,"column":43},"end":{"line":46,"column":3}}},"4":{"name":"(anonymous_12)","decl":{"start":{"line":37,"column":29},"end":{"line":37,"column":30}},"loc":{"start":{"line":37,"column":43},"end":{"line":42,"column":8}}}},"branchMap":{},"s":{"0":1,"1":1,"2":1,"3":1,"4":1,"5":1,"6":1,"7":2,"8":1,"9":1},"f":{"0":1,"1":1,"2":1,"3":1,"4":2},"b":{}}
,"/Users/andre.nevesjunior/Documents/Study/node_ts_template_solid_clean_arch/tests/singleton.ts": {"path":"/Users/andre.nevesjunior/Documents/Study/node_ts_template_solid_clean_arch/tests/singleton.ts","statementMap":{"0":{"start":{"line":6,"column":0},"end":{"line":9,"column":4}},"1":{"start":{"line":6,"column":49},"end":{"line":9,"column":2}},"2":{"start":{"line":2,"column":0},"end":{"line":2,"column":72}},"3":{"start":{"line":4,"column":0},"end":{"line":4,"column":50}},"4":{"start":{"line":11,"column":0},"end":{"line":13,"column":3}},"5":{"start":{"line":12,"column":2},"end":{"line":12,"column":24}},"6":{"start":{"line":15,"column":13},"end":{"line":15,"column":75}}},"fnMap":{"0":{"name":"(anonymous_1)","decl":{"start":{"line":6,"column":42},"end":{"line":6,"column":45}},"loc":{"start":{"line":6,"column":49},"end":{"line":9,"column":2}}},"1":{"name":"(anonymous_2)","decl":{"start":{"line":11,"column":11},"end":{"line":11,"column":14}},"loc":{"start":{"line":11,"column":16},"end":{"line":13,"column":1}}}},"branchMap":{},"s":{"0":1,"1":1,"2":1,"3":1,"4":1,"5":2,"6":1},"f":{"0":1,"1":2},"b":{}}
}
