TN:
SF:src/domain/product/entity/product.ts
FN:10,(anonymous_0)
FN:12,(anonymous_1)
FN:21,(anonymous_2)
FN:25,(anonymous_3)
FN:29,(anonymous_4)
FN:33,(anonymous_5)
FN:37,(anonymous_6)
FN:41,(anonymous_7)
FNF:8
FNH:0
FNDA:0,(anonymous_0)
FNDA:0,(anonymous_1)
FNDA:0,(anonymous_2)
FNDA:0,(anonymous_3)
FNDA:0,(anonymous_4)
FNDA:0,(anonymous_5)
FNDA:0,(anonymous_6)
FNDA:0,(anonymous_7)
DA:9,1
DA:10,0
DA:13,0
DA:22,0
DA:26,0
DA:30,0
DA:34,0
DA:38,0
DA:42,0
LF:9
LH:1
BRF:0
BRH:0
end_of_record
TN:
SF:src/domain/users/entity/user.ts
FN:30,(anonymous_17)
FN:32,(anonymous_18)
FN:50,(anonymous_19)
FN:54,(anonymous_20)
FN:58,(anonymous_21)
FN:62,(anonymous_22)
FN:66,(anonymous_23)
FN:70,(anonymous_24)
FN:74,(anonymous_25)
FN:78,(anonymous_26)
FN:82,(anonymous_28)
FN:86,(anonymous_30)
FN:100,(anonymous_31)
FN:113,(anonymous_32)
FNF:14
FNH:0
FNDA:0,(anonymous_17)
FNDA:0,(anonymous_18)
FNDA:0,(anonymous_19)
FNDA:0,(anonymous_20)
FNDA:0,(anonymous_21)
FNDA:0,(anonymous_22)
FNDA:0,(anonymous_23)
FNDA:0,(anonymous_24)
FNDA:0,(anonymous_25)
FNDA:0,(anonymous_26)
FNDA:0,(anonymous_28)
FNDA:0,(anonymous_30)
FNDA:0,(anonymous_31)
FNDA:0,(anonymous_32)
DA:1,1
DA:2,1
DA:3,1
DA:4,1
DA:5,1
DA:29,1
DA:30,0
DA:38,0
DA:51,0
DA:55,0
DA:59,0
DA:63,0
DA:67,0
DA:71,0
DA:75,0
DA:79,0
DA:83,0
DA:87,0
DA:88,0
DA:89,0
DA:90,0
DA:91,0
DA:93,0
DA:97,0
DA:102,0
DA:104,0
DA:109,0
DA:110,0
DA:118,0
DA:119,0
DA:123,0
DA:128,0
LF:32
LH:6
BRDA:89,0,0,0
BRF:1
BRH:0
end_of_record
TN:
SF:src/infra/api/express/api.express.ts
FN:16,(anonymous_1)
FN:47,(anonymous_2)
FN:51,(anonymous_3)
FN:55,(anonymous_4)
FN:56,(anonymous_5)
FN:65,(anonymous_6)
FN:66,(anonymous_7)
FN:72,(anonymous_8)
FN:74,(anonymous_9)
FN:75,(anonymous_10)
FNF:10
FNH:5
FNDA:1,(anonymous_1)
FNDA:1,(anonymous_2)
FNDA:1,(anonymous_3)
FNDA:1,(anonymous_4)
FNDA:2,(anonymous_5)
FNDA:0,(anonymous_6)
FNDA:0,(anonymous_7)
FNDA:0,(anonymous_8)
FNDA:0,(anonymous_9)
FNDA:0,(anonymous_10)
DA:3,1
DA:5,1
DA:6,1
DA:7,1
DA:8,1
DA:9,1
DA:10,1
DA:11,1
DA:13,1
DA:17,1
DA:18,1
DA:20,1
DA:22,1
DA:23,1
DA:25,1
DA:27,1
DA:29,1
DA:32,1
DA:41,1
DA:44,1
DA:48,1
DA:52,1
DA:56,1
DA:57,2
DA:58,2
DA:59,2
DA:61,2
DA:66,0
DA:67,0
DA:68,0
DA:73,0
DA:74,0
DA:76,0
DA:81,0
LF:34
LH:27
BRF:0
BRH:0
end_of_record
TN:
SF:src/infra/api/express/routes/routes.ts
FNF:0
FNH:0
DA:5,1
LF:1
LH:1
BRF:0
BRH:0
end_of_record
TN:
SF:src/infra/api/express/routes/products/create-product.express.route.ts
FN:12,(anonymous_8)
FN:18,(anonymous_9)
FN:21,(anonymous_10)
FN:25,(anonymous_11)
FN:35,(anonymous_12)
FN:40,(anonymous_13)
FN:40,(anonymous_14)
FN:62,(anonymous_15)
FNF:8
FNH:7
FNDA:1,(anonymous_8)
FNDA:1,(anonymous_9)
FNDA:1,(anonymous_10)
FNDA:1,(anonymous_11)
FNDA:1,(anonymous_12)
FNDA:1,(anonymous_13)
FNDA:1,(anonymous_14)
FNDA:0,(anonymous_15)
DA:3,1
DA:8,1
DA:9,1
DA:11,1
DA:13,1
DA:14,1
DA:15,1
DA:19,1
DA:22,1
DA:28,1
DA:40,1
DA:41,1
DA:42,1
DA:45,1
DA:46,1
DA:49,0
DA:56,0
DA:58,0
DA:67,0
DA:68,0
DA:70,0
DA:72,0
LF:22
LH:15
BRDA:45,0,0,1
BRDA:67,1,0,0
BRDA:67,1,1,0
BRF:3
BRH:1
end_of_record
TN:
SF:src/infra/api/express/routes/products/list-product.express.route.ts
FN:12,(anonymous_8)
FN:18,(anonymous_9)
FN:21,(anonymous_10)
FN:25,(anonymous_11)
FN:35,(anonymous_12)
FN:40,(anonymous_13)
FN:40,(anonymous_14)
FN:56,(anonymous_15)
FN:58,(anonymous_16)
FNF:9
FNH:5
FNDA:1,(anonymous_8)
FNDA:1,(anonymous_9)
FNDA:1,(anonymous_10)
FNDA:1,(anonymous_11)
FNDA:1,(anonymous_12)
FNDA:0,(anonymous_13)
FNDA:0,(anonymous_14)
FNDA:0,(anonymous_15)
FNDA:0,(anonymous_16)
DA:2,1
DA:7,1
DA:8,1
DA:11,1
DA:13,1
DA:14,1
DA:15,1
DA:19,1
DA:22,1
DA:28,1
DA:40,1
DA:41,0
DA:44,0
DA:45,0
DA:48,0
DA:50,0
DA:52,0
DA:57,0
DA:58,0
DA:64,0
LF:20
LH:11
BRDA:44,0,0,0
BRF:1
BRH:0
end_of_record
TN:
SF:src/infra/repositories/product/product.repository.prisma.ts
FN:9,(anonymous_8)
FN:10,(anonymous_9)
FN:13,(anonymous_10)
FN:16,(anonymous_11)
FN:19,(anonymous_12)
FN:23,(anonymous_13)
FN:27,(anonymous_14)
FN:64,(anonymous_16)
FN:67,(anonymous_18)
FNF:9
FNH:2
FNDA:1,(anonymous_8)
FNDA:0,(anonymous_9)
FNDA:0,(anonymous_10)
FNDA:0,(anonymous_11)
FNDA:0,(anonymous_12)
FNDA:1,(anonymous_13)
FNDA:0,(anonymous_14)
FNDA:0,(anonymous_16)
FNDA:0,(anonymous_18)
DA:4,1
DA:5,1
DA:8,1
DA:9,1
DA:11,0
DA:14,0
DA:17,0
DA:20,0
DA:24,1
DA:28,0
DA:35,0
DA:41,0
DA:42,0
DA:43,0
DA:49,0
DA:52,0
DA:65,0
DA:67,0
DA:68,0
DA:74,0
DA:77,0
LF:21
LH:5
BRDA:41,0,0,0
BRF:1
BRH:0
end_of_record
TN:
SF:src/infra/repositories/user/user.repository.prisma.ts
FN:10,(anonymous_8)
FN:12,(anonymous_9)
FN:38,(anonymous_11)
FN:41,(anonymous_12)
FN:45,(anonymous_13)
FN:49,(anonymous_14)
FN:53,(anonymous_15)
FN:85,(anonymous_17)
FN:88,(anonymous_19)
FN:103,(anonymous_20)
FN:142,(anonymous_22)
FN:149,(anonymous_24)
FN:175,(anonymous_26)
FNF:13
FNH:2
FNDA:1,(anonymous_8)
FNDA:0,(anonymous_9)
FNDA:0,(anonymous_11)
FNDA:0,(anonymous_12)
FNDA:0,(anonymous_13)
FNDA:1,(anonymous_14)
FNDA:0,(anonymous_15)
FNDA:0,(anonymous_17)
FNDA:0,(anonymous_19)
FNDA:0,(anonymous_20)
FNDA:0,(anonymous_22)
FNDA:0,(anonymous_24)
FNDA:0,(anonymous_26)
DA:4,1
DA:6,1
DA:9,1
DA:10,1
DA:13,0
DA:17,0
DA:18,0
DA:19,0
DA:25,0
DA:35,0
DA:39,0
DA:42,0
DA:46,0
DA:50,1
DA:54,0
DA:56,0
DA:63,0
DA:69,0
DA:70,0
DA:71,0
DA:74,0
DA:82,0
DA:86,0
DA:88,0
DA:89,0
DA:97,0
DA:100,0
DA:107,0
DA:108,0
DA:110,0
DA:111,0
DA:117,0
DA:118,0
DA:119,0
DA:122,0
DA:124,0
DA:136,0
DA:143,0
DA:150,0
DA:154,0
DA:155,0
DA:156,0
DA:162,0
DA:172,0
DA:176,0
DA:178,0
DA:179,0
DA:180,0
DA:185,0
DA:189,0
DA:190,0
DA:191,0
DA:196,0
LF:53
LH:5
BRDA:17,0,0,0
BRDA:69,1,0,0
BRDA:107,2,0,0
BRDA:110,3,0,0
BRDA:117,4,0,0
BRDA:117,5,0,0
BRDA:117,5,1,0
BRDA:117,5,2,0
BRDA:130,6,0,0
BRDA:130,6,1,0
BRDA:130,7,0,0
BRDA:130,7,1,0
BRDA:154,8,0,0
BRDA:178,9,0,0
BRDA:186,10,0,0
BRDA:186,10,1,0
BRDA:186,11,0,0
BRDA:186,11,1,0
BRDA:189,12,0,0
BRF:19
BRH:0
end_of_record
TN:
SF:src/package/exceptions-handler/error.handler.ts
FN:3,(anonymous_0)
FNF:1
FNH:1
FNDA:1,(anonymous_0)
DA:3,1
DA:4,1
DA:5,1
DA:8,1
DA:12,1
DA:15,1
LF:6
LH:6
BRDA:8,0,0,1
BRDA:8,0,1,0
BRDA:10,1,0,1
BRDA:10,1,1,0
BRF:4
BRH:2
end_of_record
TN:
SF:src/package/exceptions-handler/error.response.ts
FN:2,(anonymous_0)
FNF:1
FNH:1
FNDA:1,(anonymous_0)
DA:4,1
DA:6,1
DA:8,1
DA:12,1
LF:4
LH:4
BRF:0
BRH:0
end_of_record
TN:
SF:src/package/logger/logger.ts
FN:18,(anonymous_1)
FN:47,(anonymous_2)
FNF:2
FNH:2
FNDA:1,(anonymous_1)
FNDA:1,(anonymous_2)
DA:1,1
DA:6,1
DA:18,1
DA:19,1
DA:20,1
DA:21,1
DA:27,1
DA:37,1
DA:40,1
DA:47,1
DA:53,1
DA:68,1
DA:75,1
LF:13
LH:13
BRDA:19,0,0,1
BRDA:19,0,1,0
BRDA:21,1,0,1
BRDA:21,1,1,0
BRF:4
BRH:2
end_of_record
TN:
SF:src/package/morgan/morgan.middleware.ts
FN:8,(anonymous_1)
FN:16,(anonymous_2)
FNF:2
FNH:2
FNDA:1,(anonymous_1)
FNDA:1,(anonymous_2)
DA:1,1
DA:2,1
DA:6,1
DA:8,1
DA:16,1
DA:17,1
DA:18,1
DA:22,1
DA:33,1
LF:9
LH:9
BRDA:17,0,0,1
BRDA:17,0,1,0
BRF:2
BRH:1
end_of_record
TN:
SF:src/usecases/product/create-product.usecase.ts
FN:15,(anonymous_7)
FN:23,(anonymous_8)
FN:30,(anonymous_9)
FN:30,(anonymous_10)
FNF:4
FNH:2
FNDA:1,(anonymous_7)
FNDA:1,(anonymous_8)
FNDA:0,(anonymous_9)
FNDA:0,(anonymous_10)
DA:1,1
DA:10,1
DA:12,1
DA:16,1
DA:17,1
DA:19,1
DA:20,1
DA:27,1
DA:30,0
DA:36,0
DA:38,0
DA:39,0
DA:45,0
DA:46,0
DA:52,0
DA:56,0
DA:57,0
DA:60,0
DA:62,0
DA:64,0
DA:65,0
DA:70,0
LF:22
LH:8
BRDA:38,0,0,0
BRDA:38,0,1,0
BRDA:45,1,0,0
BRDA:56,2,0,0
BRDA:64,3,0,0
BRF:5
BRH:0
end_of_record
TN:
SF:src/usecases/product/list-product.usecase.ts
FN:20,(anonymous_7)
FN:24,(anonymous_8)
FN:28,(anonymous_9)
FN:36,(anonymous_11)
FN:38,(anonymous_12)
FNF:5
FNH:2
FNDA:1,(anonymous_7)
FNDA:1,(anonymous_8)
FNDA:0,(anonymous_9)
FNDA:0,(anonymous_11)
FNDA:0,(anonymous_12)
DA:17,1
DA:20,1
DA:21,1
DA:25,1
DA:29,0
DA:31,0
DA:33,0
DA:37,0
DA:38,0
DA:47,0
LF:10
LH:4
BRF:0
BRH:0
end_of_record
TN:
SF:tests/singleton.ts
FN:6,(anonymous_1)
FN:11,(anonymous_2)
FNF:2
FNH:2
FNDA:1,(anonymous_1)
FNDA:1,(anonymous_2)
DA:2,1
DA:4,1
DA:6,1
DA:11,1
DA:12,1
DA:15,1
LF:6
LH:6
BRF:0
BRH:0
end_of_record
