TN:
SF:src/domain/product/entity/product.ts
FN:9,(anonymous_0)
FN:11,(anonymous_1)
FN:20,(anonymous_2)
FN:24,(anonymous_3)
FN:28,(anonymous_4)
FN:32,(anonymous_5)
FN:36,(anonymous_6)
FN:40,(anonymous_7)
FN:44,(anonymous_8)
FNF:9
FNH:7
FNDA:3,(anonymous_0)
FNDA:1,(anonymous_1)
FNDA:2,(anonymous_2)
FNDA:4,(anonymous_3)
FNDA:3,(anonymous_4)
FNDA:3,(anonymous_5)
FNDA:3,(anonymous_6)
FNDA:0,(anonymous_7)
FNDA:0,(anonymous_8)
DA:8,1
DA:9,3
DA:12,1
DA:21,2
DA:25,4
DA:29,3
DA:33,3
DA:37,3
DA:41,0
DA:45,0
LF:10
LH:8
BRF:0
BRH:0
end_of_record
TN:
SF:src/infra/api/express/api.express.ts
FN:15,(anonymous_1)
FN:43,(anonymous_2)
FN:47,(anonymous_3)
FN:51,(anonymous_4)
FN:52,(anonymous_5)
FN:61,(anonymous_6)
FN:62,(anonymous_7)
FN:68,(anonymous_8)
FN:70,(anonymous_9)
FN:71,(anonymous_10)
FNF:10
FNH:5
FNDA:1,(anonymous_1)
FNDA:2,(anonymous_2)
FNDA:1,(anonymous_3)
FNDA:1,(anonymous_4)
FNDA:2,(anonymous_5)
FNDA:0,(anonymous_6)
FNDA:0,(anonymous_7)
FNDA:0,(anonymous_8)
FNDA:0,(anonymous_9)
FNDA:0,(anonymous_10)
DA:3,1
DA:5,1
DA:6,1
DA:7,1
DA:8,1
DA:9,1
DA:10,1
DA:12,1
DA:16,1
DA:17,1
DA:19,1
DA:21,1
DA:22,1
DA:24,1
DA:26,1
DA:28,1
DA:31,1
DA:40,1
DA:44,2
DA:48,1
DA:52,1
DA:53,2
DA:54,2
DA:55,2
DA:57,2
DA:62,0
DA:63,0
DA:64,0
DA:69,0
DA:70,0
DA:72,0
DA:77,0
LF:32
LH:25
BRF:0
BRH:0
end_of_record
TN:
SF:src/infra/api/express/routes/routes.ts
FNF:0
FNH:0
DA:5,1
LF:1
LH:1
BRF:0
BRH:0
end_of_record
TN:
SF:src/infra/api/express/routes/products/create-product.express.route.ts
FN:14,(anonymous_7)
FN:20,(anonymous_8)
FN:23,(anonymous_9)
FN:27,(anonymous_10)
FN:37,(anonymous_11)
FN:38,(anonymous_12)
FN:38,(anonymous_13)
FN:59,(anonymous_14)
FNF:8
FNH:8
FNDA:1,(anonymous_7)
FNDA:1,(anonymous_8)
FNDA:1,(anonymous_9)
FNDA:1,(anonymous_10)
FNDA:1,(anonymous_11)
FNDA:1,(anonymous_12)
FNDA:1,(anonymous_13)
FNDA:1,(anonymous_14)
DA:7,1
DA:13,1
DA:15,1
DA:16,1
DA:17,1
DA:21,1
DA:24,1
DA:30,1
DA:38,1
DA:39,1
DA:41,1
DA:47,1
DA:49,1
DA:50,0
DA:51,0
DA:53,1
DA:55,1
DA:62,1
DA:63,1
LF:19
LH:17
BRDA:49,0,0,0
BRF:1
BRH:0
end_of_record
TN:
SF:src/infra/api/express/routes/products/list-product.express.route.ts
FN:17,(anonymous_7)
FN:23,(anonymous_8)
FN:26,(anonymous_9)
FN:30,(anonymous_10)
FN:40,(anonymous_11)
FN:41,(anonymous_12)
FN:41,(anonymous_13)
FN:50,(anonymous_14)
FN:52,(anonymous_15)
FNF:9
FNH:9
FNDA:1,(anonymous_7)
FNDA:1,(anonymous_8)
FNDA:1,(anonymous_9)
FNDA:1,(anonymous_10)
FNDA:1,(anonymous_11)
FNDA:1,(anonymous_12)
FNDA:1,(anonymous_13)
FNDA:1,(anonymous_14)
FNDA:2,(anonymous_15)
DA:2,1
DA:16,1
DA:18,1
DA:19,1
DA:20,1
DA:24,1
DA:27,1
DA:33,1
DA:41,1
DA:42,1
DA:44,1
DA:46,1
DA:51,1
DA:52,2
DA:58,1
LF:15
LH:15
BRF:0
BRH:0
end_of_record
TN:
SF:src/infra/repositories/product/product.repository.prisma.ts
FN:8,(anonymous_8)
FN:9,(anonymous_9)
FN:12,(anonymous_10)
FN:15,(anonymous_11)
FN:18,(anonymous_12)
FN:22,(anonymous_13)
FN:26,(anonymous_14)
FN:49,(anonymous_16)
FN:52,(anonymous_18)
FNF:9
FNH:5
FNDA:1,(anonymous_8)
FNDA:0,(anonymous_9)
FNDA:0,(anonymous_10)
FNDA:0,(anonymous_11)
FNDA:0,(anonymous_12)
FNDA:1,(anonymous_13)
FNDA:1,(anonymous_14)
FNDA:1,(anonymous_16)
FNDA:2,(anonymous_18)
DA:4,1
DA:5,1
DA:7,1
DA:8,1
DA:10,0
DA:13,0
DA:16,0
DA:19,0
DA:23,1
DA:27,1
DA:34,1
DA:40,1
DA:41,0
DA:42,0
DA:45,1
DA:46,1
DA:50,1
DA:52,1
DA:53,2
DA:59,2
DA:62,1
LF:21
LH:15
BRDA:40,0,0,0
BRF:1
BRH:0
end_of_record
TN:
SF:src/package/logger/logger.ts
FN:18,(anonymous_1)
FN:47,(anonymous_2)
FNF:2
FNH:1
FNDA:1,(anonymous_1)
FNDA:0,(anonymous_2)
DA:1,1
DA:6,1
DA:18,1
DA:19,1
DA:20,1
DA:21,1
DA:27,1
DA:37,1
DA:40,1
DA:47,0
DA:53,1
DA:68,1
DA:75,1
LF:13
LH:12
BRDA:19,0,0,1
BRDA:19,0,1,0
BRDA:21,1,0,0
BRDA:21,1,1,1
BRF:4
BRH:2
end_of_record
TN:
SF:src/package/morgan/morgan.middleware.ts
FN:8,(anonymous_1)
FN:16,(anonymous_2)
FNF:2
FNH:1
FNDA:0,(anonymous_1)
FNDA:2,(anonymous_2)
DA:1,1
DA:2,1
DA:6,1
DA:8,0
DA:16,1
DA:17,2
DA:18,2
DA:22,1
DA:33,1
LF:9
LH:8
BRDA:17,0,0,2
BRDA:17,0,1,0
BRF:2
BRH:1
end_of_record
TN:
SF:src/usecases/product/create-product.usecase.ts
FN:18,(anonymous_7)
FN:22,(anonymous_8)
FN:26,(anonymous_9)
FN:26,(anonymous_10)
FN:37,(anonymous_11)
FNF:5
FNH:5
FNDA:1,(anonymous_7)
FNDA:1,(anonymous_8)
FNDA:1,(anonymous_9)
FNDA:1,(anonymous_10)
FNDA:1,(anonymous_11)
DA:1,1
DA:15,1
DA:18,1
DA:19,1
DA:23,1
DA:26,1
DA:30,1
DA:31,1
DA:33,1
DA:34,1
DA:41,1
DA:42,0
DA:47,1
DA:50,1
LF:14
LH:13
BRDA:41,0,0,0
BRF:1
BRH:0
end_of_record
TN:
SF:src/usecases/product/list-product.usecase.ts
FN:19,(anonymous_7)
FN:23,(anonymous_8)
FN:27,(anonymous_9)
FN:35,(anonymous_11)
FN:37,(anonymous_12)
FNF:5
FNH:5
FNDA:1,(anonymous_7)
FNDA:1,(anonymous_8)
FNDA:1,(anonymous_9)
FNDA:1,(anonymous_11)
FNDA:2,(anonymous_12)
DA:16,1
DA:19,1
DA:20,1
DA:24,1
DA:28,1
DA:30,1
DA:32,1
DA:36,1
DA:37,2
DA:45,1
LF:10
LH:10
BRF:0
BRH:0
end_of_record
TN:
SF:tests/singleton.ts
FN:6,(anonymous_1)
FN:11,(anonymous_2)
FNF:2
FNH:2
FNDA:1,(anonymous_1)
FNDA:2,(anonymous_2)
DA:2,1
DA:4,1
DA:6,1
DA:11,1
DA:12,2
DA:15,1
LF:6
LH:6
BRF:0
BRH:0
end_of_record
